<?xml version="1.0" encoding="UTF-8"?>
<testsuite name="RectangleTest" tests="5" skipped="0" failures="0" errors="0" timestamp="2017-06-29T15:56:30" hostname="epicodus-70.local" time="0.002">
  <properties/>
  <testcase name="newRectangle_getsLength_2" classname="RectangleTest" time="0.001"/>
  <testcase name="isSquare_allSidesEqual_True" classname="RectangleTest" time="0.0"/>
  <testcase name="newRectangle_getsWidth_4" classname="RectangleTest" time="0.0"/>
  <testcase name="newRectangle_whenNotASquare_false" classname="RectangleTest" time="0.0"/>
  <testcase name="newRectangle_instantiatesCorrectly" classname="RectangleTest" time="0.0"/>
  <system-out><![CDATA[]]></system-out>
  <system-err><![CDATA[]]></system-err>
</testsuite>
